<?xml version="1.0" encoding="UTF-8"?>
<testng-results ignored="0" total="1" passed="1" failed="0" skipped="0">
  <reporter-output>
  </reporter-output>
  <suite started-at="2024-12-10T12:13:52 IST" name="Default suite" finished-at="2024-12-10T12:14:13 IST" duration-ms="20741">
    <groups>
    </groups>
    <test started-at="2024-12-10T12:13:52 IST" name="Default test" finished-at="2024-12-10T12:14:13 IST" duration-ms="20741">
      <class name="tests._04_OneWayTrip">
        <test-method is-config="true" signature="goToWebsite()[pri:0, instance:tests._04_OneWayTrip@1f2586d6]" started-at="2024-12-10T12:13:52 IST" name="goToWebsite" finished-at="2024-12-10T12:14:07 IST" duration-ms="15646" status="PASS">
          <reporter-output>
          </reporter-output>
        </test-method> <!-- goToWebsite -->
        <test-method signature="oneWay()[pri:4, instance:tests._04_OneWayTrip@1f2586d6]" started-at="2024-12-10T12:14:08 IST" name="oneWay" finished-at="2024-12-10T12:14:12 IST" duration-ms="4563" status="PASS">
          <reporter-output>
          </reporter-output>
        </test-method> <!-- oneWay -->
        <test-method is-config="true" signature="afterC()[pri:0, instance:tests._04_OneWayTrip@1f2586d6]" started-at="2024-12-10T12:14:12 IST" name="afterC" finished-at="2024-12-10T12:14:13 IST" duration-ms="436" status="PASS">
          <reporter-output>
          </reporter-output>
        </test-method> <!-- afterC -->
      </class> <!-- tests._04_OneWayTrip -->
    </test> <!-- Default test -->
  </suite> <!-- Default suite -->
</testng-results>
